SonarCloud plugins:
  - IaC Code Quality and Security 1.7.0.2012 (iac)
  - PL/SQL Code Quality and Security 3.7.0.4372 (plsql)
  - Scala Code Quality and Security 1.9.0.3429 (sonarscala)
  - C# Code Quality and Security 8.37.0.45539 (csharp)
  - Vulnerability Analysis 9.4.1.15913 (security)
  - Java Code Quality and Security 7.11.0.29148 (java)
  - HTML Code Quality and Security 3.6.0.3106 (web)
  - Flex Code Quality and Security 2.7.0.2865 (flex)
  - XML Code Quality and Security 2.5.0.3376 (xml)
  - Text file Code Quality and Security 1.0.0.120 (text)
  - VB.NET Code Quality and Security 8.37.0.45539 (vbnet)
  - Swift Code Quality and Security 4.5.0.5305 (swift)
  - CFamily Code Quality and Security 6.32.0.44918 (cpp)
  - Python Code Quality and Security 3.12.0.9583 (python)
  - Go Code Quality and Security 1.9.0.3429 (go)
  - JaCoCo 1.1.1.1157 (jacoco)
  - Kotlin Code Quality and Security 2.9.0.1147 (kotlin)
  - Mercurial 1.1.2 (scmmercurial)
  - T-SQL Code Quality and Security 1.6.0.4844 (tsql)
  - Apex Code Quality and Security 1.9.0.3429 (sonarapex)
  - JavaScript/TypeScript/CSS Code Quality and Security 9.1.1.17782 (javascript)
  - Ruby Code Quality and Security 1.9.0.3429 (ruby)
  - Vulnerability Rules for C# 9.4.1.15913 (securitycsharpfrontend)
  - Vulnerability Rules for Java 9.4.1.15913 (securityjavafrontend)
  - License for SonarLint 8.0.0.28356 (license)
  - Vulnerability Rules for JS 9.4.1.15913 (securityjsfrontend)
  - COBOL Code Quality 4.6.2.4876 (cobol)
  - Vulnerability Rules for Python 9.4.1.15913 (securitypythonfrontend)
  - PHP Code Quality and Security 3.23.1.8766 (php)
  - ABAP Code Quality and Security 3.10.0.3628 (abap)
  - Configuration detection fot Code Quality and Security 1.2.0.267 (config)
  - Vulnerability Rules for PHP 9.4.1.15913 (securityphpfrontend)
Global server settings:
  - email.from=noreply@sonarcloud.io
  - email.fromName=SonarCloud
  - email.prefix=[SonarCloud]
  - node_10_end_of_support_date=1620604800000
  - node_10_grace_period_termination_date=1621814400000
  - sonar.auth.bitbucket.enabled=true
  - sonar.auth.microsoft.enabled=true
  - sonar.core.id=1BD809FA-AWHW8ct9-T_TB3XqouNu
  - sonar.core.serverBaseURL=https://sonarcloud.io
  - sonar.core.startTime=2022-04-13T16:23:50+0200
  - sonar.dbcleaner.weeksBeforeDeletingAllSnapshots=260
  - sonar.dbcleaner.weeksBeforeKeepingOnlyOneSnapshotByMonth=4
  - sonar.dbcleaner.weeksBeforeKeepingOnlyOneSnapshotByWeek=1
  - sonar.global.exclusions=**/build-wrapper-dump.json
  - sonar.lf.enableGravatar=true
  - sonar.lf.logoWidthPx=105
  - sonar.maintenance_mode.link=https://sonarcloud.statuspage.io/incidents/66vlr4dc3jwy
  - sonar.maintenance_mode.message=Results of analyses performed prior to 6:15am CET may not be available yet and will be progressively provided throughout coming hours. Results of analysis performed after 8:00am CET are available.
  - sonar.maintenance_mode.start_date=2022-03-26T23:00:00.000+01:00
  - sonar.organizations.anyoneCanCreate=true
  - sonar.organizations.createPersonalOrg=true
  - sonar.plsql.file.suffixes=sql,tab,pkb
  - sonar.tsql.file.suffixes=.tsql
Project server settings:
Project scanner properties:
  - sonar.binaries=/Users/shrikesh/Documents/GitHub/failure-rate/build/classes/java/main
  - sonar.host.url=https://sonarcloud.io
  - sonar.java.binaries=/Users/shrikesh/Documents/GitHub/failure-rate/build/classes/java/main
  - sonar.java.libraries=/Users/shrikesh/.gradle/caches/modules-2/files-2.1/org.apache.logging.log4j/log4j-core/2.17.0/fe6e7a32c1228884b9691a744f953a55d0dd8ead/log4j-core-2.17.0.jar,/Users/shrikesh/.gradle/caches/modules-2/files-2.1/org.apache.logging.log4j/log4j-api/2.17.0/bbd791e9c8c9421e45337c4fe0a10851c086e36c/log4j-api-2.17.0.jar,/Users/shrikesh/.gradle/caches/modules-2/files-2.1/com.datastax.oss/java-driver-query-builder/4.13.0/e07af9c33664e9e59aebcaf4aebcefe3b10f4def/java-driver-query-builder-4.13.0.jar,/Users/shrikesh/.gradle/caches/modules-2/files-2.1/com.datastax.cassandra/cassandra-driver-mapping/3.11.0/e34f7a9b8d3660866910f3d4ba5f726b86251071/cassandra-driver-mapping-3.11.0.jar,/Users/shrikesh/.gradle/caches/modules-2/files-2.1/com.datastax.cassandra/cassandra-driver-extras/3.11.0/f358325c0f5123dd783ffa791808c38f76454c88/cassandra-driver-extras-3.11.0.jar,/Users/shrikesh/.gradle/caches/modules-2/files-2.1/com.datastax.cassandra/cassandra-driver-core/4.0.0/fb6170211246c743f79ea9b83bb7ff4c62912b78...
  - sonar.java.source=13
  - sonar.java.target=13
  - sonar.java.test.binaries=/Users/shrikesh/Documents/GitHub/failure-rate/build/classes/java/test
  - sonar.java.test.libraries=/Users/shrikesh/Documents/GitHub/failure-rate/build/classes/java/main,/Users/shrikesh/.gradle/caches/modules-2/files-2.1/org.apache.logging.log4j/log4j-core/2.17.0/fe6e7a32c1228884b9691a744f953a55d0dd8ead/log4j-core-2.17.0.jar,/Users/shrikesh/.gradle/caches/modules-2/files-2.1/org.apache.logging.log4j/log4j-api/2.17.0/bbd791e9c8c9421e45337c4fe0a10851c086e36c/log4j-api-2.17.0.jar,/Users/shrikesh/.gradle/caches/modules-2/files-2.1/com.datastax.oss/java-driver-query-builder/4.13.0/e07af9c33664e9e59aebcaf4aebcefe3b10f4def/java-driver-query-builder-4.13.0.jar,/Users/shrikesh/.gradle/caches/modules-2/files-2.1/com.datastax.cassandra/cassandra-driver-mapping/3.11.0/e34f7a9b8d3660866910f3d4ba5f726b86251071/cassandra-driver-mapping-3.11.0.jar,/Users/shrikesh/.gradle/caches/modules-2/files-2.1/com.datastax.cassandra/cassandra-driver-extras/3.11.0/f358325c0f5123dd783ffa791808c38f76454c88/cassandra-driver-extras-3.11.0.jar,/Users/shrikesh/.gradle/caches/modules-2/files-2.1/com.datastax.cassandr...
  - sonar.libraries=/Users/shrikesh/.gradle/caches/modules-2/files-2.1/org.apache.logging.log4j/log4j-core/2.17.0/fe6e7a32c1228884b9691a744f953a55d0dd8ead/log4j-core-2.17.0.jar,/Users/shrikesh/.gradle/caches/modules-2/files-2.1/org.apache.logging.log4j/log4j-api/2.17.0/bbd791e9c8c9421e45337c4fe0a10851c086e36c/log4j-api-2.17.0.jar,/Users/shrikesh/.gradle/caches/modules-2/files-2.1/com.datastax.oss/java-driver-query-builder/4.13.0/e07af9c33664e9e59aebcaf4aebcefe3b10f4def/java-driver-query-builder-4.13.0.jar,/Users/shrikesh/.gradle/caches/modules-2/files-2.1/com.datastax.cassandra/cassandra-driver-mapping/3.11.0/e34f7a9b8d3660866910f3d4ba5f726b86251071/cassandra-driver-mapping-3.11.0.jar,/Users/shrikesh/.gradle/caches/modules-2/files-2.1/com.datastax.cassandra/cassandra-driver-extras/3.11.0/f358325c0f5123dd783ffa791808c38f76454c88/cassandra-driver-extras-3.11.0.jar,/Users/shrikesh/.gradle/caches/modules-2/files-2.1/com.datastax.cassandra/cassandra-driver-core/4.0.0/fb6170211246c743f79ea9b83bb7ff4c62912b78...
  - sonar.organization=ctlo2020-1-sample
  - sonar.projectBaseDir=/Users/shrikesh/Documents/GitHub/failure-rate
  - sonar.projectKey=ctlo2020-1_failure-rate
  - sonar.projectName=Failure
  - sonar.projectVersion=1.0-SNAPSHOT
  - sonar.scanner.app=ScannerGradle
  - sonar.scanner.appVersion=2.7-SNAPSHOT/6.8
  - sonar.sourceEncoding=UTF-8
  - sonar.sources=/Users/shrikesh/Documents/GitHub/failure-rate/src/main/java
  - sonar.tests=/Users/shrikesh/Documents/GitHub/failure-rate/src/test/java
  - sonar.verbose=true
  - sonar.working.directory=/Users/shrikesh/Documents/GitHub/failure-rate/build/sonar
